[01:16:07] [ServerMain/INFO]: Environment: Environment[sessionHost=https://sessionserver.mojang.com, servicesHost=https://api.minecraftservices.com, name=PROD]
[01:16:10] [ServerMain/INFO]: No existing world data, creating new world
[01:16:12] [ServerMain/INFO]: Loaded 1175 recipes
[01:16:13] [ServerMain/INFO]: Loaded 1276 advancements
[01:16:14] [Server thread/INFO]: Starting minecraft server version 1.20.5
[01:16:14] [Server thread/INFO]: Loading properties
[01:16:14] [Server thread/INFO]: Default game type: SURVIVAL
[01:16:14] [Server thread/INFO]: Generating keypair
[01:16:14] [Server thread/INFO]: Starting Minecraft server on *:25565
[01:16:15] [Server thread/INFO]: Using epoll channel type
[01:16:15] [Server thread/WARN]: **** SERVER IS RUNNING IN OFFLINE/INSECURE MODE!
[01:16:15] [Server thread/WARN]: The server will make no attempt to authenticate usernames. Beware.
[01:16:15] [Server thread/WARN]: While this makes the game possible to play without internet access, it also opens up the ability for hackers to connect with any username they choose.
[01:16:15] [Server thread/WARN]: To change this, set "online-mode" to "true" in the server.properties file.
[01:16:15] [Server thread/INFO]: Preparing level "world"
[01:16:34] [Server thread/INFO]: Preparing start region for dimension minecraft:overworld
[01:16:34] [Worker-Main-1/INFO]: Preparing spawn area: 2%
[01:16:34] [Worker-Main-1/INFO]: Preparing spawn area: 2%
[01:16:35] [Worker-Main-1/INFO]: Preparing spawn area: 2%
[01:16:35] [Worker-Main-1/INFO]: Preparing spawn area: 2%
[01:16:36] [Worker-Main-1/INFO]: Preparing spawn area: 2%
[01:16:36] [Worker-Main-1/INFO]: Preparing spawn area: 2%
[01:16:37] [Worker-Main-1/INFO]: Preparing spawn area: 2%
[01:16:37] [Worker-Main-1/INFO]: Preparing spawn area: 2%
[01:16:38] [Worker-Main-1/INFO]: Preparing spawn area: 2%
[01:16:38] [Worker-Main-1/INFO]: Preparing spawn area: 2%
[01:16:39] [Worker-Main-1/INFO]: Preparing spawn area: 2%
[01:16:39] [Worker-Main-1/INFO]: Preparing spawn area: 2%
[01:16:40] [Worker-Main-1/INFO]: Preparing spawn area: 2%
[01:16:40] [Worker-Main-1/INFO]: Preparing spawn area: 2%
[01:16:41] [Worker-Main-1/INFO]: Preparing spawn area: 2%
[01:16:41] [Worker-Main-1/INFO]: Preparing spawn area: 2%
[01:16:42] [Worker-Main-1/INFO]: Preparing spawn area: 2%
[01:16:42] [Worker-Main-1/INFO]: Preparing spawn area: 2%
[01:16:43] [Server thread/INFO]: Time elapsed: 8854 ms
[01:16:43] [Server thread/INFO]: Done (27.681s)! For help, type "help"
[01:24:26] [Server thread/INFO]: yefry[/172.23.39.99:52169] logged in with entity id 54 at (20.5, 71.0, -35.5)
[01:24:26] [Server thread/INFO]: yefry joined the game
[01:24:29] [Server thread/INFO]: yefry lost connection: Disconnected
[01:24:29] [Server thread/INFO]: yefry left the game
